=/pretest.json
{
  _: [],
  f: [
    '/home/runner/work/exp-boiling-points-of-pure-species-underusing-ebulliometer-different-pressures-iitb/exp-boiling-points-of-pure-species-underusing-ebulliometer-different-pressures-iitb/experiment/pretest.json'
  ],
  files: [
    '/home/runner/work/exp-boiling-points-of-pure-species-underusing-ebulliometer-different-pressures-iitb/exp-boiling-points-of-pure-species-underusing-ebulliometer-different-pressures-iitb/experiment/pretest.json'
  ],
  c: 'assessment',
  contentTypes: 'assessment',
  'content-types': 'assessment',
  '$0': 'validate'
}
Validated true
=/posttest.json
{
  _: [],
  f: [
    '/home/runner/work/exp-boiling-points-of-pure-species-underusing-ebulliometer-different-pressures-iitb/exp-boiling-points-of-pure-species-underusing-ebulliometer-different-pressures-iitb/experiment/posttest.json'
  ],
  files: [
    '/home/runner/work/exp-boiling-points-of-pure-species-underusing-ebulliometer-different-pressures-iitb/exp-boiling-points-of-pure-species-underusing-ebulliometer-different-pressures-iitb/experiment/posttest.json'
  ],
  c: 'assessment',
  contentTypes: 'assessment',
  'content-types': 'assessment',
  '$0': 'validate'
}
Validated true
