
/home/runner/work/exp-boiling-points-of-pure-species-underusing-ebulliometer-different-pressures-iitb/exp-boiling-points-of-pure-species-underusing-ebulliometer-different-pressures-iitb/experiment/simulation/common_libraries/js/ts_components/collapse_step.js
   1:10  warning  'show_step' is defined but never used                 no-unused-vars
   2:5   warning  '$' is not defined                                    no-undef
   3:9   warning  '$' is not defined                                    no-undef
   6:10  warning  'hide_step' is defined but never used                 no-unused-vars
   7:5   warning  '$' is not defined                                    no-undef
   8:9   warning  '$' is not defined                                    no-undef
  11:10  warning  'get_collapse_btn_text' is defined but never used     no-unused-vars
  20:10  warning  'get_collapse_btn_element' is defined but never used  no-unused-vars
  29:10  warning  'hide_all_steps' is defined but never used            no-unused-vars
  31:9   warning  '$' is not defined                                    no-undef

/home/runner/work/exp-boiling-points-of-pure-species-underusing-ebulliometer-different-pressures-iitb/exp-boiling-points-of-pure-species-underusing-ebulliometer-different-pressures-iitb/experiment/simulation/common_libraries/js/ts_components/matrix.js
   27:26  warning  'MathJax' is not defined                                no-undef
   32:7   warning  'Matrix_Without_String' is defined but never used       no-unused-vars
   52:26  warning  'MathJax' is not defined                                no-undef
   56:10  warning  'get_matrix_html' is defined but never used             no-unused-vars
   87:13  warning  'row_html' is assigned a value but never used           no-unused-vars
   99:10  warning  'get_matrix_html_with_title' is defined but never used  no-unused-vars
  131:13  warning  'row_html' is assigned a value but never used           no-unused-vars
  143:10  warning  'convert_2d_to_1d_vector' is defined but never used     no-unused-vars
  156:10  warning  'convert_1d_to_2d_matrix' is defined but never used     no-unused-vars

/home/runner/work/exp-boiling-points-of-pure-species-underusing-ebulliometer-different-pressures-iitb/exp-boiling-points-of-pure-species-underusing-ebulliometer-different-pressures-iitb/experiment/simulation/common_libraries/js/ts_components/pannel.js
  8:7  warning  'Pannel' is defined but never used  no-unused-vars

/home/runner/work/exp-boiling-points-of-pure-species-underusing-ebulliometer-different-pressures-iitb/exp-boiling-points-of-pure-species-underusing-ebulliometer-different-pressures-iitb/experiment/simulation/common_libraries/js/ts_components/questions.js
   6:17  warning  'op1' is assigned a value but never used      no-unused-vars
   7:17  warning  'op2' is assigned a value but never used      no-unused-vars
   8:17  warning  'op3' is assigned a value but never used      no-unused-vars
   9:17  warning  'op4' is assigned a value but never used      no-unused-vars
  94:7   warning  'Question_Options' is defined but never used  no-unused-vars

/home/runner/work/exp-boiling-points-of-pure-species-underusing-ebulliometer-different-pressures-iitb/exp-boiling-points-of-pure-species-underusing-ebulliometer-different-pressures-iitb/experiment/simulation/common_libraries/js/ts_components/tables.js
   19:22  warning  'verify_values' is not defined                                     no-undef
  137:22  warning  'verify_values' is not defined                                     no-undef
  260:7   warning  'Verify_Rows_Cols_6_decimal_places' is defined but never used      no-unused-vars
  311:22  warning  'verify_values' is not defined                                     no-undef
  416:7   warning  'Verify_Rows_Cols_Custom_Fixed_Update1' is defined but never used  no-unused-vars
  468:7   warning  'Show_Table_Custom_Fixed' is defined but never used                no-unused-vars
  506:7   warning  'Verify_Rows_Cols_Strings' is defined but never used               no-unused-vars
  527:22  warning  'verify_values' is not defined                                     no-undef
  663:7   warning  'Display_Table' is defined but never used                          no-unused-vars

/home/runner/work/exp-boiling-points-of-pure-species-underusing-ebulliometer-different-pressures-iitb/exp-boiling-points-of-pure-species-underusing-ebulliometer-different-pressures-iitb/experiment/simulation/common_libraries/js/ts_math_library/general_math_functions.js
    1:10  warning  'verify_values' is defined but never used                   no-unused-vars
   17:10  warning  'random1' is defined but never used                         no-unused-vars
   21:10  warning  'std_deviation' is defined but never used                   no-unused-vars
   26:10  warning  'gauss' is defined but never used                           no-unused-vars
   56:10  warning  'hide_panel' is defined but never used                      no-unused-vars
   63:10  warning  'inverse_matrix' is defined but never used                  no-unused-vars
   96:10  warning  'matrix_multiplication' is defined but never used           no-unused-vars
  113:10  warning  'transpose_matrix' is defined but never used                no-unused-vars
  123:10  warning  'matrix_multiplication_8decimal' is defined but never used  no-unused-vars
  140:10  warning  'adjoint_2x2_matrix' is defined but never used              no-unused-vars
  145:10  warning  'find_deteminant' is defined but never used                 no-unused-vars
  174:10  warning  'get_Submatrix' is defined but never used                   no-unused-vars

/home/runner/work/exp-boiling-points-of-pure-species-underusing-ebulliometer-different-pressures-iitb/exp-boiling-points-of-pure-species-underusing-ebulliometer-different-pressures-iitb/experiment/simulation/common_libraries/js/ts_math_library/regression.js
   1:10  warning  'regression_linear' is defined but never used            no-unused-vars
  18:10  warning  'regression_linear_1variable' is defined but never used  no-unused-vars
  27:10  warning  'regression_linear_2variable' is defined but never used  no-unused-vars
  52:11  warning  'gauss' is not defined                                   no-undef

/home/runner/work/exp-boiling-points-of-pure-species-underusing-ebulliometer-different-pressures-iitb/exp-boiling-points-of-pure-species-underusing-ebulliometer-different-pressures-iitb/experiment/simulation/common_libraries/math.ob.js
  1:745  warning  'b' is already defined  no-redeclare

/home/runner/work/exp-boiling-points-of-pure-species-underusing-ebulliometer-different-pressures-iitb/exp-boiling-points-of-pure-species-underusing-ebulliometer-different-pressures-iitb/experiment/simulation/js/activity1.js
    8:14   warning  'Pannel' is not defined                                no-undef
   14:10   warning  'start_act1' is defined but never used                 no-unused-vars
   21:10   warning  'move_to_activity2' is defined but never used          no-unused-vars
   24:5    warning  'activity3' is not defined                             no-undef
   33:5    warning  'global_score' is assigned a value but never used      no-unused-vars
   34:5    warning  'a1_panel' is defined but never used                   no-unused-vars
   35:5    warning  'all_text_content' is assigned a value but never used  no-unused-vars
   36:5    warning  'canvas_box_scale' is already defined                  no-redeclare
   36:5    warning  'canvas_box_scale' is assigned a value but never used  no-unused-vars
   39:5    warning  'a1_scene' is defined but never used                   no-unused-vars
   46:5    warning  'display_score' is defined but never used              no-unused-vars
   47:5    warning  'timer1' is assigned a value but never used            no-unused-vars
   62:17   warning  'Scene' is not defined                                 no-undef
   71:5    warning  'show_panel' is not defined                            no-undef
  109:18   warning  'Chemistry' is not defined                             no-undef
  109:42   warning  'manometer' is not defined                             no-undef
  109:57   warning  'Chemistry' is not defined                             no-undef
  112:9    warning  'sq' is already defined                                no-redeclare
  112:18   warning  'Chemistry' is not defined                             no-undef
  112:42   warning  'ballast_tank' is not defined                          no-undef
  112:60   warning  'Chemistry' is not defined                             no-undef
  115:9    warning  'sq' is already defined                                no-redeclare
  115:18   warning  'Chemistry' is not defined                             no-undef
  115:42   warning  'heating_tap' is not defined                           no-undef
  115:59   warning  'Chemistry' is not defined                             no-undef
  118:9    warning  'sq' is already defined                                no-redeclare
  118:18   warning  'Chemistry' is not defined                             no-undef
  118:42   warning  'condenser' is not defined                             no-undef
  118:57   warning  'Chemistry' is not defined                             no-undef
  121:9    warning  'sq' is already defined                                no-redeclare
  121:18   warning  'Chemistry' is not defined                             no-undef
  121:42   warning  'dimmer_stat' is not defined                           no-undef
  121:59   warning  'Chemistry' is not defined                             no-undef
  124:9    warning  'sq' is already defined                                no-redeclare
  124:18   warning  'Chemistry' is not defined                             no-undef
  124:42   warning  'n2_tank' is not defined                               no-undef
  124:55   warning  'Chemistry' is not defined                             no-undef
  127:9    warning  'sq' is already defined                                no-redeclare
  127:18   warning  'Chemistry' is not defined                             no-undef
  127:42   warning  'connector' is not defined                             no-undef
  127:57   warning  'Chemistry' is not defined                             no-undef
  130:9    warning  'sq' is already defined                                no-redeclare
  130:18   warning  'Chemistry' is not defined                             no-undef
  130:42   warning  'vaccum_pump' is not defined                           no-undef
  130:59   warning  'Chemistry' is not defined                             no-undef
  133:9    warning  'sq' is already defined                                no-redeclare
  133:18   warning  'Chemistry' is not defined                             no-undef
  133:42   warning  'temp_indicator' is not defined                        no-undef
  133:62   warning  'Chemistry' is not defined                             no-undef
  136:9    warning  'sq' is already defined                                no-redeclare
  136:18   warning  'Chemistry' is not defined                             no-undef
  136:42   warning  'diff_ebulliometer' is not defined                     no-undef
  136:65   warning  'Chemistry' is not defined                             no-undef
  244:25   warning  'Chemistry' is not defined                             no-undef
  244:50   warning  'Chemistry' is not defined                             no-undef
  255:10   warning  'manometer' is not defined                             no-undef
  255:21   warning  'manometer' is not defined                             no-undef
  256:10   warning  'ballast_tank' is not defined                          no-undef
  256:24   warning  'ballast_tank' is not defined                          no-undef
  257:10   warning  'heating_tap' is not defined                           no-undef
  257:23   warning  'heating_tap' is not defined                           no-undef
  258:10   warning  'condenser' is not defined                             no-undef
  258:21   warning  'condenser' is not defined                             no-undef
  259:10   warning  'dimmer_stat' is not defined                           no-undef
  259:23   warning  'dimmer_stat' is not defined                           no-undef
  260:10   warning  'n2_tank' is not defined                               no-undef
  260:19   warning  'n2_tank' is not defined                               no-undef
  261:10   warning  'connector' is not defined                             no-undef
  261:21   warning  'connector' is not defined                             no-undef
  262:10   warning  'vaccum_pump' is not defined                           no-undef
  262:23   warning  'vaccum_pump' is not defined                           no-undef
  263:10   warning  'temp_indicator' is not defined                        no-undef
  263:26   warning  'temp_indicator' is not defined                        no-undef
  264:10   warning  'diff_ebulliometer' is not defined                     no-undef
  264:29   warning  'diff_ebulliometer' is not defined                     no-undef
  267:13   warning  'Chemistry' is not defined                             no-undef
  267:45   warning  'Chemistry' is not defined                             no-undef
  268:13   warning  'Chemistry' is not defined                             no-undef
  268:48   warning  'Chemistry' is not defined                             no-undef
  269:13   warning  'Chemistry' is not defined                             no-undef
  269:47   warning  'Chemistry' is not defined                             no-undef
  270:13   warning  'Chemistry' is not defined                             no-undef
  270:45   warning  'Chemistry' is not defined                             no-undef
  271:13   warning  'Chemistry' is not defined                             no-undef
  271:47   warning  'Chemistry' is not defined                             no-undef
  272:13   warning  'Chemistry' is not defined                             no-undef
  272:43   warning  'Chemistry' is not defined                             no-undef
  273:13   warning  'Chemistry' is not defined                             no-undef
  273:45   warning  'Chemistry' is not defined                             no-undef
  274:13   warning  'Chemistry' is not defined                             no-undef
  274:47   warning  'Chemistry' is not defined                             no-undef
  275:13   warning  'Chemistry' is not defined                             no-undef
  275:50   warning  'Chemistry' is not defined                             no-undef
  276:13   warning  'Chemistry' is not defined                             no-undef
  276:61   warning  'Chemistry' is not defined                             no-undef
  281:12   warning  Unexpected constant condition                          no-constant-condition
  303:49   warning  'Chemistry' is not defined                             no-undef
  306:39   warning  'bootstrap' is not defined                             no-undef
  340:30   warning  'Chemistry' is not defined                             no-undef
  340:73   warning  'Chemistry' is not defined                             no-undef
  368:13   warning  'bsOffcanvas' is already defined                       no-redeclare
  368:31   warning  'bootstrap' is not defined                             no-undef
  370:30   warning  'Chemistry' is not defined                             no-undef
  370:118  warning  'Chemistry' is not defined                             no-undef
  414:24   warning  'activity5' is not defined                             no-undef

/home/runner/work/exp-boiling-points-of-pure-species-underusing-ebulliometer-different-pressures-iitb/exp-boiling-points-of-pure-species-underusing-ebulliometer-different-pressures-iitb/experiment/simulation/js/activity2.js
    1:5    warning  'drag' is assigned a value but never used            no-unused-vars
    2:5    warning  'geo' is assigned a value but never used             no-unused-vars
    5:5    warning  'all_labels' is assigned a value but never used      no-unused-vars
    6:5    warning  'dx' is defined but never used                       no-unused-vars
    7:5    warning  'dy' is defined but never used                       no-unused-vars
    8:5    warning  'a2_total_score' is assigned a value but never used  no-unused-vars
   29:5    warning  'obj_names' is assigned a value but never used       no-unused-vars
   46:5    warning  'adj' is assigned a value but never used             no-unused-vars
   48:5    warning  'fixed_hint' is defined but never used               no-unused-vars
   49:5    warning  'movable_hint' is defined but never used             no-unused-vars
   50:10   warning  'activity2' is defined but never used                no-unused-vars
   51:5    warning  'pp' is not defined                                  no-undef
   52:5    warning  'pp' is not defined                                  no-undef
   53:5    warning  'pp' is not defined                                  no-undef
   54:5    warning  'pp' is not defined                                  no-undef
   55:5    warning  'pp' is not defined                                  no-undef
   56:5    warning  'pp' is not defined                                  no-undef
   57:5    warning  'show_panel' is not defined                          no-undef
   58:5    warning  'canvas' is not defined                              no-undef
   58:14   warning  'pp' is not defined                                  no-undef
   59:5    warning  'context' is not defined                             no-undef
   59:15   warning  'canvas' is not defined                              no-undef
   60:5    warning  'canvas' is not defined                              no-undef
   61:5    warning  'rect' is not defined                                no-undef
   61:12   warning  'canvas' is not defined                              no-undef
   62:5    warning  'scene' is not defined                               no-undef
   62:17   warning  'Scene' is not defined                               no-undef
   63:5    warning  'pp' is not defined                                  no-undef
   64:20   warning  'Chemistry' is not defined                           no-undef
   64:44   warning  'assembly' is not defined                            no-undef
   64:58   warning  'Chemistry' is not defined                           no-undef
   64:95   warning  'canvas' is not defined                              no-undef
   65:5    warning  'scene' is not defined                               no-undef
   76:5    warning  'scene' is not defined                               no-undef
   79:9    warning  'scene' is not defined                               no-undef
   85:9    warning  'display_labels' is not defined                      no-undef
   89:5    warning  'canvas' is not defined                              no-undef
   90:5    warning  'canvas' is not defined                              no-undef
   90:23   warning  'canvas' is not defined                              no-undef
   91:5    warning  'lscale' is not defined                              no-undef
   91:14   warning  'canvas' is not defined                              no-undef
   93:9    warning  'canvas' is not defined                              no-undef
   97:5    warning  'context' is not defined                             no-undef
   97:26   warning  'canvas' is not defined                              no-undef
   98:5    warning  'context' is not defined                             no-undef
  100:10   warning  'a2_first' is defined but never used                 no-unused-vars
  101:5    warning  'pp' is not defined                                  no-undef
  103:5    warning  'pp' is not defined                                  no-undef
  104:5    warning  'pp' is not defined                                  no-undef
  105:5    warning  'pp' is not defined                                  no-undef
  107:5    warning  'canvas' is not defined                              no-undef
  107:14   warning  'pp' is not defined                                  no-undef
  108:5    warning  'context' is not defined                             no-undef
  108:15   warning  'canvas' is not defined                              no-undef
  109:5    warning  'canvas' is not defined                              no-undef
  110:5    warning  'rect' is not defined                                no-undef
  110:12   warning  'canvas' is not defined                              no-undef
  111:5    warning  'pp' is not defined                                  no-undef
  112:5    warning  'scene' is not defined                               no-undef
  112:17   warning  'Scene' is not defined                               no-undef
  113:18   warning  'Scene' is not defined                               no-undef
  118:10   warning  'a2_second' is defined but never used                no-unused-vars
  119:5    warning  'pp' is not defined                                  no-undef
  137:5    warning  'pp' is not defined                                  no-undef
  138:5    warning  'pp' is not defined                                  no-undef
  142:18   warning  'Chemistry' is not defined                           no-undef
  142:42   warning  'base' is not defined                                no-undef
  142:52   warning  'Chemistry' is not defined                           no-undef
  142:89   warning  'canvas' is not defined                              no-undef
  145:5    warning  'scene' is not defined                               no-undef
  146:9    warning  'sq' is already defined                              no-redeclare
  146:18   warning  'Chemistry' is not defined                           no-undef
  146:42   warning  'pump_small' is not defined                          no-undef
  146:58   warning  'Chemistry' is not defined                           no-undef
  146:95   warning  'canvas' is not defined                              no-undef
  148:5    warning  'scene' is not defined                               no-undef
  149:9    warning  'sq' is already defined                              no-redeclare
  149:18   warning  'Chemistry' is not defined                           no-undef
  149:42   warning  'pipe1_small' is not defined                         no-undef
  149:59   warning  'Chemistry' is not defined                           no-undef
  149:95   warning  'canvas' is not defined                              no-undef
  151:5    warning  'scene' is not defined                               no-undef
  152:9    warning  'sq' is already defined                              no-redeclare
  152:18   warning  'Chemistry' is not defined                           no-undef
  152:42   warning  'pipe2_small' is not defined                         no-undef
  152:59   warning  'Chemistry' is not defined                           no-undef
  152:95   warning  'canvas' is not defined                              no-undef
  154:5    warning  'scene' is not defined                               no-undef
  155:9    warning  'sq' is already defined                              no-redeclare
  155:18   warning  'Chemistry' is not defined                           no-undef
  155:42   warning  'condenser_small' is not defined                     no-undef
  155:63   warning  'Chemistry' is not defined                           no-undef
  155:99   warning  'canvas' is not defined                              no-undef
  157:5    warning  'scene' is not defined                               no-undef
  158:9    warning  'sq' is already defined                              no-redeclare
  158:18   warning  'Chemistry' is not defined                           no-undef
  158:42   warning  'connector_small' is not defined                     no-undef
  158:63   warning  'Chemistry' is not defined                           no-undef
  158:98   warning  'canvas' is not defined                              no-undef
  160:5    warning  'scene' is not defined                               no-undef
  161:9    warning  'sq' is already defined                              no-redeclare
  161:18   warning  'Chemistry' is not defined                           no-undef
  161:42   warning  'ebulliometer_small' is not defined                  no-undef
  161:66   warning  'Chemistry' is not defined                           no-undef
  161:103  warning  'canvas' is not defined                              no-undef
  163:5    warning  'scene' is not defined                               no-undef
  164:9    warning  'sq' is already defined                              no-redeclare
  164:18   warning  'Chemistry' is not defined                           no-undef
  164:42   warning  'temp_indicator_small' is not defined                no-undef
  164:68   warning  'Chemistry' is not defined                           no-undef
  164:103  warning  'canvas' is not defined                              no-undef
  166:5    warning  'scene' is not defined                               no-undef
  167:9    warning  'sq' is already defined                              no-redeclare
  167:18   warning  'Chemistry' is not defined                           no-undef
  167:42   warning  'heating_tap_small' is not defined                   no-undef
  167:65   warning  'Chemistry' is not defined                           no-undef
  167:100  warning  'canvas' is not defined                              no-undef
  169:5    warning  'scene' is not defined                               no-undef
  170:9    warning  'sq' is already defined                              no-redeclare
  170:18   warning  'Chemistry' is not defined                           no-undef
  170:42   warning  'dimmer_stat_small' is not defined                   no-undef
  170:65   warning  'Chemistry' is not defined                           no-undef
  170:100  warning  'canvas' is not defined                              no-undef
  172:5    warning  'scene' is not defined                               no-undef
  176:18   warning  'Chemistry' is not defined                           no-undef
  177:19   warning  'Chemistry' is not defined                           no-undef
  180:18   warning  'Chemistry' is not defined                           no-undef
  181:19   warning  'Chemistry' is not defined                           no-undef
  184:18   warning  'Chemistry' is not defined                           no-undef
  185:19   warning  'Chemistry' is not defined                           no-undef
  188:18   warning  'Chemistry' is not defined                           no-undef
  189:19   warning  'Chemistry' is not defined                           no-undef
  192:18   warning  'Chemistry' is not defined                           no-undef
  193:19   warning  'Chemistry' is not defined                           no-undef
  196:18   warning  'Chemistry' is not defined                           no-undef
  197:19   warning  'Chemistry' is not defined                           no-undef
  200:18   warning  'Chemistry' is not defined                           no-undef
  201:19   warning  'Chemistry' is not defined                           no-undef
  204:18   warning  'Chemistry' is not defined                           no-undef
  205:19   warning  'Chemistry' is not defined                           no-undef
  208:18   warning  'Chemistry' is not defined                           no-undef
  209:19   warning  'Chemistry' is not defined                           no-undef
  212:19   warning  'Chemistry' is not defined                           no-undef
  213:20   warning  'Chemistry' is not defined                           no-undef
  216:19   warning  'Chemistry' is not defined                           no-undef
  217:20   warning  'Chemistry' is not defined                           no-undef
  226:9    warning  'pp' is not defined                                  no-undef
  230:5    warning  'context' is not defined                             no-undef
  231:5    warning  'context' is not defined                             no-undef
  231:20   warning  'canvas' is not defined                              no-undef
  232:5    warning  'context' is not defined                             no-undef
  232:20   warning  'canvas' is not defined                              no-undef
  232:41   warning  'canvas' is not defined                              no-undef
  233:5    warning  'context' is not defined                             no-undef
  234:5    warning  'context' is not defined                             no-undef

/home/runner/work/exp-boiling-points-of-pure-species-underusing-ebulliometer-different-pressures-iitb/exp-boiling-points-of-pure-species-underusing-ebulliometer-different-pressures-iitb/experiment/simulation/js/activity3.js
    3:5    warning  'show_table_0' is assigned a value but never used       no-unused-vars
    5:5    warning  'show_once' is assigned a value but never used          no-unused-vars
    6:5    warning  'ob_data' is assigned a value but never used            no-unused-vars
    7:5    warning  'ob_table_verified' is assigned a value but never used  no-unused-vars
    8:5    warning  'temp_con' is assigned a value but never used           no-unused-vars
   11:5    warning  'text_draw' is assigned a value but never used          no-unused-vars
   21:5    warning  'video' is defined but never used                       no-unused-vars
   38:5    warning  'Q' is defined but never used                           no-unused-vars
   39:5    warning  'Q1' is defined but never used                          no-unused-vars
   43:14   warning  'drop1' is not defined                                  no-undef
   44:14   warning  'drop2' is not defined                                  no-undef
   45:14   warning  'drop3' is not defined                                  no-undef
   66:10   warning  'activity3' is defined but never used                   no-unused-vars
   67:5    warning  'pp' is not defined                                     no-undef
   68:5    warning  'pp' is not defined                                     no-undef
   69:5    warning  'pp' is not defined                                     no-undef
   71:5    warning  'pp' is not defined                                     no-undef
   72:5    warning  'pp' is not defined                                     no-undef
   73:5    warning  'canvas' is not defined                                 no-undef
   74:5    warning  'pp' is not defined                                     no-undef
   75:5    warning  'canvas' is not defined                                 no-undef
   76:5    warning  'context' is not defined                                no-undef
   76:15   warning  'canvas' is not defined                                 no-undef
   77:5    warning  'rect' is not defined                                   no-undef
   77:12   warning  'canvas' is not defined                                 no-undef
   80:30   warning  'Chemistry' is not defined                              no-undef
   80:70   warning  'Chemistry' is not defined                              no-undef
   80:98   warning  'canvas' is not defined                                 no-undef
   82:5    warning  'canvas' is not defined                                 no-undef
   83:5    warning  'scene' is not defined                                  no-undef
   83:17   warning  'Scene' is not defined                                  no-undef
   88:25   warning  'Chemistry' is not defined                              no-undef
   88:49   warning  'seq1_img' is not defined                               no-undef
   88:63   warning  'Chemistry' is not defined                              no-undef
   88:100  warning  'canvas' is not defined                                 no-undef
   92:5    warning  'scene' is not defined                                  no-undef
   94:5    warning  'show_panel' is not defined                             no-undef
   97:5    warning  'canvas_box_scale' is not defined                       no-undef
  103:5    warning  'scene' is not defined                                  no-undef
  115:5    warning  'canvas' is not defined                                 no-undef
  116:5    warning  'canvas' is not defined                                 no-undef
  116:23   warning  'canvas' is not defined                                 no-undef
  117:5    warning  'lscale' is not defined                                 no-undef
  117:14   warning  'canvas' is not defined                                 no-undef
  119:9    warning  'canvas' is not defined                                 no-undef
  123:5    warning  'context' is not defined                                no-undef
  123:26   warning  'canvas' is not defined                                 no-undef
  124:5    warning  'context' is not defined                                no-undef
  127:17   warning  'Chemistry' is not defined                              no-undef
  127:51   warning  'Chemistry' is not defined                              no-undef
  127:79   warning  'canvas' is not defined                                 no-undef
  130:18   warning  'Chemistry' is not defined                              no-undef
  130:39   warning  'Chemistry' is not defined                              no-undef
  130:71   warning  'canvas' is not defined                                 no-undef
  132:19   warning  'Chemistry' is not defined                              no-undef
  132:40   warning  'Chemistry' is not defined                              no-undef
  132:72   warning  'canvas' is not defined                                 no-undef
  134:22   warning  'Chemistry' is not defined                              no-undef
  134:43   warning  'Chemistry' is not defined                              no-undef
  134:75   warning  'canvas' is not defined                                 no-undef
  136:18   warning  'Chemistry' is not defined                              no-undef
  136:39   warning  'Chemistry' is not defined                              no-undef
  136:71   warning  'canvas' is not defined                                 no-undef
  138:24   warning  'Chemistry' is not defined                              no-undef
  138:45   warning  'Chemistry' is not defined                              no-undef
  138:77   warning  'canvas' is not defined                                 no-undef
  140:5    warning  'scene' is not defined                                  no-undef
  141:5    warning  'scene' is not defined                                  no-undef
  142:5    warning  'scene' is not defined                                  no-undef
  143:5    warning  'scene' is not defined                                  no-undef
  144:5    warning  'scene' is not defined                                  no-undef
  145:5    warning  'scene' is not defined                                  no-undef
  148:5    warning  'scene' is not defined                                  no-undef
  151:9    warning  'pp' is not defined                                     no-undef
  161:14   warning  Unexpected constant condition                           no-constant-condition
  164:36   warning  'seq2_img' is not defined                               no-undef
  173:14   warning  Unexpected constant condition                           no-constant-condition
  175:36   warning  'seq4_img' is not defined                               no-undef
  178:34   warning  'Chemistry' is not defined                              no-undef
  178:55   warning  'seq5_img' is not defined                               no-undef
  178:69   warning  'Chemistry' is not defined                              no-undef
  178:106  warning  'canvas' is not defined                                 no-undef
  185:13   warning  'canvas' is not defined                                 no-undef
  193:14   warning  Unexpected constant condition                           no-constant-condition
  195:36   warning  'seq6_img' is not defined                               no-undef
  200:13   warning  'pp' is not defined                                     no-undef
  201:13   warning  'show_panel' is not defined                             no-undef
  208:14   warning  Unexpected constant condition                           no-constant-condition
  210:36   warning  'seq7_img' is not defined                               no-undef
  213:36   warning  'Chemistry' is not defined                              no-undef
  213:68   warning  'seq8_img' is not defined                               no-undef
  213:82   warning  'Chemistry' is not defined                              no-undef
  213:119  warning  'canvas' is not defined                                 no-undef
  227:14   warning  Unexpected constant condition                           no-constant-condition
  229:36   warning  'seq8_img' is not defined                               no-undef
  232:17   warning  'second_geo' is already defined                         no-redeclare
  232:34   warning  'Chemistry' is not defined                              no-undef
  232:55   warning  'seq9_img' is not defined                               no-undef
  232:69   warning  'Chemistry' is not defined                              no-undef
  232:106  warning  'canvas' is not defined                                 no-undef
  246:14   warning  Unexpected constant condition                           no-constant-condition
  248:36   warning  'seq9_img' is not defined                               no-undef
  251:17   warning  'second_geo_y' is already defined                       no-redeclare
  251:36   warning  'Chemistry' is not defined                              no-undef
  251:68   warning  'seq10_img' is not defined                              no-undef
  251:83   warning  'Chemistry' is not defined                              no-undef
  251:120  warning  'canvas' is not defined                                 no-undef
  265:14   warning  Unexpected constant condition                           no-constant-condition
  267:36   warning  'seq10_img' is not defined                              no-undef
  270:13   warning  'pp' is not defined                                     no-undef
  272:13   warning  'canvas' is not defined                                 no-undef
  273:13   warning  'show_panel' is not defined                             no-undef
  279:37   warning  'rect' is not defined                                   no-undef
  279:47   warning  'lscale' is not defined                                 no-undef
  280:25   warning  'canvas' is not defined                                 no-undef
  280:54   warning  'rect' is not defined                                   no-undef
  280:65   warning  'lscale' is not defined                                 no-undef
  282:30   warning  'Chemistry' is not defined                              no-undef
  288:13   warning  'pp' is not defined                                     no-undef
  289:13   warning  'show_panel' is not defined                             no-undef
  290:13   warning  'canvas' is not defined                                 no-undef
  296:13   warning  'pp' is not defined                                     no-undef
  297:13   warning  'show_panel' is not defined                             no-undef
  298:13   warning  'canvas' is not defined                                 no-undef
  300:9    warning  'canvas' is not defined                                 no-undef
  304:37   warning  'rect' is not defined                                   no-undef
  304:47   warning  'lscale' is not defined                                 no-undef
  305:25   warning  'canvas' is not defined                                 no-undef
  305:54   warning  'rect' is not defined                                   no-undef
  305:65   warning  'lscale' is not defined                                 no-undef
  310:29   warning  'Chemistry' is not defined                              no-undef
  314:13   warning  'canvas' is not defined                                 no-undef
  317:13   warning  'pp' is not defined                                     no-undef
  318:13   warning  'show_panel' is not defined                             no-undef
  320:36   warning  'seq1_img' is not defined                               no-undef
  324:9    warning  'canvas' is not defined                                 no-undef
  326:20   warning  'Chemistry' is not defined                              no-undef
  326:41   warning  'timer' is not defined                                  no-undef
  326:52   warning  'Chemistry' is not defined                              no-undef
  326:90   warning  'canvas' is not defined                                 no-undef
  332:29   warning  'Chemistry' is not defined                              no-undef
  332:122  warning  'Chemistry' is not defined                              no-undef
  332:150  warning  'canvas' is not defined                                 no-undef
  337:30   warning  'Chemistry' is not defined                              no-undef
  337:51   warning  'seq2_img' is not defined                               no-undef
  337:65   warning  'Chemistry' is not defined                              no-undef
  337:102  warning  'canvas' is not defined                                 no-undef
  364:21   warning  'canvas' is not defined                                 no-undef
  365:21   warning  'pp' is not defined                                     no-undef
  366:21   warning  'show_panel' is not defined                             no-undef
  374:25   warning  'all_compounds' is not defined                          no-undef
  375:44   warning  'all_compounds' is not defined                          no-undef
  375:70   warning  'all_compounds' is not defined                          no-undef
  378:10   warning  'on_system_select' is defined but never used            no-unused-vars
  380:5    warning  'canvas' is not defined                                 no-undef
  381:5    warning  'pp' is not defined                                     no-undef
  382:5    warning  'show_panel' is not defined                             no-undef
  385:37   warning  'rect' is not defined                                   no-undef
  385:47   warning  'lscale' is not defined                                 no-undef
  386:25   warning  'canvas' is not defined                                 no-undef
  386:54   warning  'rect' is not defined                                   no-undef
  386:65   warning  'lscale' is not defined                                 no-undef
  388:29   warning  'Chemistry' is not defined                              no-undef
  390:9    warning  'canvas' is not defined                                 no-undef
  394:13   warning  'canvas' is not defined                                 no-undef
  395:13   warning  'pp' is not defined                                     no-undef
  396:13   warning  'show_panel' is not defined                             no-undef
  401:32   warning  'seq3_img' is not defined                               no-undef
  402:30   warning  'Chemistry' is not defined                              no-undef
  402:62   warning  'seq4_img' is not defined                               no-undef
  402:76   warning  'Chemistry' is not defined                              no-undef
  402:113  warning  'canvas' is not defined                                 no-undef
  414:37   warning  'rect' is not defined                                   no-undef
  414:47   warning  'lscale' is not defined                                 no-undef
  415:25   warning  'canvas' is not defined                                 no-undef
  415:54   warning  'rect' is not defined                                   no-undef
  415:65   warning  'lscale' is not defined                                 no-undef
  417:33   warning  'Chemistry' is not defined                              no-undef
  424:30   warning  'Chemistry' is not defined                              no-undef
  424:51   warning  'seq7_img' is not defined                               no-undef
  424:65   warning  'Chemistry' is not defined                              no-undef
  424:102  warning  'canvas' is not defined                                 no-undef
  436:37   warning  'rect' is not defined                                   no-undef
  436:47   warning  'lscale' is not defined                                 no-undef
  437:25   warning  'canvas' is not defined                                 no-undef
  437:54   warning  'rect' is not defined                                   no-undef
  437:65   warning  'lscale' is not defined                                 no-undef
  440:35   warning  'Chemistry' is not defined                              no-undef
  441:9    warning  'canvas' is not defined                                 no-undef
  449:21   warning  'Chemistry' is not defined                              no-undef
  449:45   warning  'drop1' is not defined                                  no-undef
  449:56   warning  'Chemistry' is not defined                              no-undef
  449:104  warning  'canvas' is not defined                                 no-undef
  450:29   warning  'Chemistry' is not defined                              no-undef
  450:53   warning  'temp_indi' is not defined                              no-undef
  450:68   warning  'Chemistry' is not defined                              no-undef
  450:115  warning  'canvas' is not defined                                 no-undef
  451:23   warning  'Chemistry' is not defined                              no-undef
  451:47   warning  'dimmer' is not defined                                 no-undef
  451:59   warning  'Chemistry' is not defined                              no-undef
  451:97   warning  'canvas' is not defined                                 no-undef
  452:24   warning  'Chemistry' is not defined                              no-undef
  452:55   warning  'Chemistry' is not defined                              no-undef
  452:82   warning  'canvas' is not defined                                 no-undef
  454:21   warning  'Chemistry' is not defined                              no-undef
  454:45   warning  'dial' is not defined                                   no-undef
  454:55   warning  'Chemistry' is not defined                              no-undef
  454:93   warning  'canvas' is not defined                                 no-undef
  465:9    warning  'pp' is not defined                                     no-undef
  466:9    warning  'show_panel' is not defined                             no-undef
  474:25   warning  'all_compounds' is not defined                          no-undef
  475:13   warning  'all_compounds' is not defined                          no-undef
  476:19   warning  'all_compounds' is not defined                          no-undef
  477:20   warning  'all_compounds' is not defined                          no-undef
  478:19   warning  'all_compounds' is not defined                          no-undef
  479:20   warning  'all_compounds' is not defined                          no-undef
  480:20   warning  'all_compounds' is not defined                          no-undef
  481:21   warning  'all_compounds' is not defined                          no-undef
  482:20   warning  'all_compounds' is not defined                          no-undef
  483:17   warning  'all_compounds' is not defined                          no-undef
  484:17   warning  'all_compounds' is not defined                          no-undef
  485:17   warning  'all_compounds' is not defined                          no-undef
  486:18   warning  'all_compounds' is not defined                          no-undef
  487:17   warning  'all_compounds' is not defined                          no-undef
  488:17   warning  'all_compounds' is not defined                          no-undef
  489:21   warning  'all_compounds' is not defined                          no-undef
  493:17   warning  'main_table_data' is not defined                        no-undef
  501:25   warning  'main_table_data' is not defined                        no-undef
  502:9    warning  'main_table_data' is not defined                        no-undef
  502:33   warning  'random' is not defined                                 no-undef
  507:25   warning  'main_table_data' is not defined                        no-undef
  508:9    warning  'main_table_data' is not defined                        no-undef
  509:13   warning  'main_table_data' is not defined                        no-undef
  509:50   warning  'main_table_data' is not defined                        no-undef
  514:25   warning  'main_table_data' is not defined                        no-undef
  515:9    warning  'main_table_data' is not defined                        no-undef
  516:33   warning  'main_table_data' is not defined                        no-undef
  519:9    warning  'main_table_data' is not defined                        no-undef
  519:33   warning  'std_deviation' is not defined                          no-undef
  519:47   warning  'main_table_data' is not defined                        no-undef
  524:25   warning  'main_table_data' is not defined                        no-undef
  525:22   warning  'main_table_data' is not defined                        no-undef
  529:9    warning  'main_table_data' is not defined                        no-undef
  534:25   warning  'main_table_data' is not defined                        no-undef
  535:22   warning  'main_table_data' is not defined                        no-undef
  537:9    warning  'main_table_data' is not defined                        no-undef
  539:17   warning  'main_table_data' is not defined                        no-undef
  541:10   warning  'calculate_Q0' is defined but never used                no-unused-vars
  551:9    warning  'main_table_data' is not defined                        no-undef
  554:9    warning  'main_table_data' is not defined                        no-undef
  556:27   warning  'main_table_data' is not defined                        no-undef
  562:32   warning  'main_table_data' is not defined                        no-undef
  565:9    warning  'pp' is not defined                                     no-undef
  566:9    warning  'pp' is not defined                                     no-undef
  567:9    warning  'pp' is not defined                                     no-undef
  568:9    warning  'pp' is not defined                                     no-undef
  572:9    warning  'pp' is not defined                                     no-undef
  576:26   warning  'pp' is not defined                                     no-undef
  577:9    warning  'show_panel' is not defined                             no-undef
  580:25   warning  'Chemistry' is not defined                              no-undef
  580:44   warning  'main_table_data' is not defined                        no-undef
  580:93   warning  'Chemistry' is not defined                              no-undef
  580:120  warning  'canvas' is not defined                                 no-undef
  603:5    warning  'main_table_data' is not defined                        no-undef
  604:10   warning  'main_table_data' is not defined                        no-undef
  604:34   warning  'main_table_data' is not defined                        no-undef
  605:27   warning  'main_table_data' is not defined                        no-undef
  608:5    warning  'main_table_data' is not defined                        no-undef
  609:10   warning  'main_table_data' is not defined                        no-undef
  609:40   warning  'main_table_data' is not defined                        no-undef
  610:20   warning  'main_table_data' is not defined                        no-undef
  611:5    warning  'main_table_data' is not defined                        no-undef
  615:9    warning  'main_table_data' is not defined                        no-undef
  618:25   warning  'main_table_data' is not defined                        no-undef
  619:9    warning  'main_table_data' is not defined                        no-undef
  621:17   warning  'main_table_data' is not defined                        no-undef
  627:9    warning  'main_table_data' is not defined                        no-undef
  630:25   warning  'main_table_data' is not defined                        no-undef
  631:9    warning  'main_table_data' is not defined                        no-undef
  632:14   warning  'main_table_data' is not defined                        no-undef
  632:38   warning  'main_table_data' is not defined                        no-undef
  634:17   warning  'main_table_data' is not defined                        no-undef
  637:9    warning  'main_table_data' is not defined                        no-undef
  640:25   warning  'main_table_data' is not defined                        no-undef
  641:9    warning  'main_table_data' is not defined                        no-undef
  642:14   warning  'main_table_data' is not defined                        no-undef
  642:38   warning  'main_table_data' is not defined                        no-undef
  644:17   warning  'main_table_data' is not defined                        no-undef
  647:9    warning  'main_table_data' is not defined                        no-undef
  650:25   warning  'main_table_data' is not defined                        no-undef
  652:9    warning  'main_table_data' is not defined                        no-undef
  652:33   warning  'main_table_data' is not defined                        no-undef
  654:17   warning  'main_table_data' is not defined                        no-undef
  655:5    warning  'show_panel' is not defined                             no-undef

/home/runner/work/exp-boiling-points-of-pure-species-underusing-ebulliometer-different-pressures-iitb/exp-boiling-points-of-pure-species-underusing-ebulliometer-different-pressures-iitb/experiment/simulation/js/activity4.js
    5:10  warning  'activity4' is defined but never used      no-unused-vars
    6:5   warning  'pp' is not defined                        no-undef
    7:5   warning  'pp' is not defined                        no-undef
    8:19  warning  'interval_id' is not defined               no-undef
    9:5   warning  'canvas' is not defined                    no-undef
    9:41  warning  'a3_mouseclick_coil' is not defined        no-undef
   10:5   warning  'canvas' is not defined                    no-undef
   10:41  warning  'a3_mouseclick_ebu_in' is not defined      no-undef
   11:5   warning  'canvas' is not defined                    no-undef
   11:41  warning  'a3_mouseclick_ebu_out' is not defined     no-undef
   12:5   warning  'canvas' is not defined                    no-undef
   12:41  warning  'a3_mouseclick_n2' is not defined          no-undef
   13:5   warning  'canvas' is not defined                    no-undef
   13:41  warning  'a3_mouseclick_pump' is not defined        no-undef
   15:25  warning  'main_table_data' is not defined           no-undef
   18:27  warning  'main_table_data' is not defined           no-undef
   19:27  warning  'main_table_data' is not defined           no-undef
   20:27  warning  'main_table_data' is not defined           no-undef
   38:26  warning  'Table' is not defined                     no-undef
   39:5   warning  'pp' is not defined                        no-undef
   41:5   warning  'pp' is not defined                        no-undef
   44:20  warning  'ro_hg' is not defined                     no-undef
   45:16  warning  'g' is not defined                         no-undef
   48:5   warning  'show_panel' is not defined                no-undef
   50:10  warning  'verify_act4' is defined but never used    no-unused-vars
   52:25  warning  'main_table_data' is not defined           no-undef
   53:10  warning  'verify_values' is not defined             no-undef
   53:48  warning  'main_table_data' is not defined           no-undef
   76:16  warning  'main_table_data' is not defined           no-undef
   77:16  warning  'main_table_data' is not defined           no-undef
   78:16  warning  'main_table_data' is not defined           no-undef
   79:16  warning  'main_table_data' is not defined           no-undef
   80:16  warning  'main_table_data' is not defined           no-undef
   85:5   warning  'pp' is not defined                        no-undef
   86:5   warning  'show_panel' is not defined                no-undef
   87:26  warning  'Table' is not defined                     no-undef
   88:5   warning  'pp' is not defined                        no-undef
   89:5   warning  'pp' is not defined                        no-undef
   92:10  warning  'verify_act4_2' is defined but never used  no-unused-vars
   94:24  warning  'main_table_data' is not defined           no-undef
   95:10  warning  'verify_values' is not defined             no-undef
   95:48  warning  'main_table_data' is not defined           no-undef
  101:38  warning  'main_table_data' is not defined           no-undef
  102:5   warning  'pp' is not defined                        no-undef
  103:26  warning  'Table' is not defined                     no-undef
  104:5   warning  'pp' is not defined                        no-undef
  106:5   warning  'pp' is not defined                        no-undef
  107:5   warning  'pp' is not defined                        no-undef

/home/runner/work/exp-boiling-points-of-pure-species-underusing-ebulliometer-different-pressures-iitb/exp-boiling-points-of-pure-species-underusing-ebulliometer-different-pressures-iitb/experiment/simulation/js/activity5.js
    8:10  warning  'activity5' is defined but never used      no-unused-vars
    9:5   warning  'pp' is not defined                        no-undef
   10:5   warning  'pp' is not defined                        no-undef
   11:5   warning  'pp' is not defined                        no-undef
   12:5   warning  'pp' is not defined                        no-undef
   35:23  warning  'Table' is not defined                     no-undef
   36:5   warning  'pp' is not defined                        no-undef
   40:25  warning  'main_table_data' is not defined           no-undef
   43:13  warning  'main_table_data' is not defined           no-undef
   44:13  warning  'main_table_data' is not defined           no-undef
   45:18  warning  'main_table_data' is not defined           no-undef
   46:22  warning  'main_table_data' is not defined           no-undef
   47:23  warning  'main_table_data' is not defined           no-undef
   47:48  warning  'main_table_data' is not defined           no-undef
   51:13  warning  'main_table_data' is not defined           no-undef
   52:13  warning  'main_table_data' is not defined           no-undef
   53:17  warning  'main_table_data' is not defined           no-undef
   54:22  warning  'main_table_data' is not defined           no-undef
   55:22  warning  'main_table_data' is not defined           no-undef
   55:47  warning  'main_table_data' is not defined           no-undef
   59:10  warning  'verify_table3' is defined but never used  no-unused-vars
   67:10  warning  'verify_values' is not defined             no-undef
   71:10  warning  'verify_values' is not defined             no-undef
   75:10  warning  'verify_values' is not defined             no-undef
   84:26  warning  'Table' is not defined                     no-undef
   85:5   warning  'pp' is not defined                        no-undef
   86:5   warning  'pp' is not defined                        no-undef
  106:5   warning  'pp' is not defined                        no-undef
  119:10  warning  'verify_sigma' is defined but never used   no-unused-vars
  127:10  warning  'verify_values' is not defined             no-undef
  131:10  warning  'verify_values' is not defined             no-undef
  135:10  warning  'verify_values' is not defined             no-undef
  139:5   warning  'pp' is not defined                        no-undef
  140:5   warning  'pp' is not defined                        no-undef

/home/runner/work/exp-boiling-points-of-pure-species-underusing-ebulliometer-different-pressures-iitb/exp-boiling-points-of-pure-species-underusing-ebulliometer-different-pressures-iitb/experiment/simulation/js/activity6.js
   13:10  warning  'activity6' is defined but never used         no-unused-vars
   14:5   warning  'pp' is not defined                           no-undef
   15:5   warning  'pp' is not defined                           no-undef
   26:25  warning  'table3_precise' is not defined               no-undef
   27:17  warning  'table3_precise' is not defined               no-undef
   28:17  warning  'table3_precise' is not defined               no-undef
   29:16  warning  'table3_precise' is not defined               no-undef
   31:11  warning  'regression_linear_2variable' is not defined  no-undef
   42:5   warning  'pp' is not defined                           no-undef
   43:5   warning  'pp' is not defined                           no-undef
   48:25  warning  'main_table_data' is not defined              no-undef
   49:20  warning  'table3_precise' is not defined               no-undef
   50:19  warning  'table3_precise' is not defined               no-undef
   66:21  warning  'Chart' is not defined                        no-undef
   88:41  warning  'A' is not defined                            no-undef
   88:59  warning  'B' is not defined                            no-undef
   88:89  warning  'C' is not defined                            no-undef
  130:45  warning  'table3_precise' is not defined               no-undef
  137:45  warning  'A' is not defined                            no-undef
  137:49  warning  'B' is not defined                            no-undef
  137:54  warning  'table3_precise' is not defined               no-undef
  137:86  warning  'C' is not defined                            no-undef

/home/runner/work/exp-boiling-points-of-pure-species-underusing-ebulliometer-different-pressures-iitb/exp-boiling-points-of-pure-species-underusing-ebulliometer-different-pressures-iitb/experiment/simulation/js/common.js
    1:10  warning  'verify_values' is defined but never used                no-unused-vars
   21:10  warning  'std_deviation' is defined but never used                no-unused-vars
   26:10  warning  'regression_linear' is defined but never used            no-unused-vars
   43:10  warning  'ascending_random_array' is defined but never used       no-unused-vars
   45:12  warning  Unexpected constant condition                            no-constant-condition
   64:10  warning  'regression_linear_2variable' is defined but never used  no-unused-vars
  121:10  warning  'show_panel' is defined but never used                   no-unused-vars
  123:31  warning  'bootstrap' is not defined                               no-undef
  130:10  warning  'hide_panel' is defined but never used                   no-unused-vars
  135:21  warning  'main_table_data' is not defined                         no-undef
  136:5   warning  'main_table_data' is not defined                         no-undef
  137:9   warning  'main_table_data' is not defined                         no-undef
  141:10  warning  'create_labels' is defined but never used                no-unused-vars
  143:20  warning  'Chemistry' is not defined                               no-undef
  143:54  warning  'Chemistry' is not defined                               no-undef
  143:81  warning  'canvas' is not defined                                  no-undef
  147:21  warning  'Chemistry' is not defined                               no-undef
  147:56  warning  'Chemistry' is not defined                               no-undef
  147:84  warning  'canvas' is not defined                                  no-undef
  151:21  warning  'Chemistry' is not defined                               no-undef
  151:53  warning  'Chemistry' is not defined                               no-undef
  151:80  warning  'canvas' is not defined                                  no-undef
  155:21  warning  'Chemistry' is not defined                               no-undef
  155:55  warning  'Chemistry' is not defined                               no-undef
  155:83  warning  'canvas' is not defined                                  no-undef
  159:21  warning  'Chemistry' is not defined                               no-undef
  159:55  warning  'Chemistry' is not defined                               no-undef
  159:83  warning  'canvas' is not defined                                  no-undef
  163:21  warning  'Chemistry' is not defined                               no-undef
  163:53  warning  'Chemistry' is not defined                               no-undef
  163:81  warning  'canvas' is not defined                                  no-undef
  167:21  warning  'Chemistry' is not defined                               no-undef
  167:51  warning  'Chemistry' is not defined                               no-undef
  167:79  warning  'canvas' is not defined                                  no-undef
  171:21  warning  'Chemistry' is not defined                               no-undef
  171:58  warning  'Chemistry' is not defined                               no-undef
  171:86  warning  'canvas' is not defined                                  no-undef
  175:21  warning  'Chemistry' is not defined                               no-undef
  175:56  warning  'Chemistry' is not defined                               no-undef
  175:83  warning  'canvas' is not defined                                  no-undef
  179:21  warning  'Chemistry' is not defined                               no-undef
  179:53  warning  'Chemistry' is not defined                               no-undef
  179:81  warning  'canvas' is not defined                                  no-undef
  183:22  warning  'Chemistry' is not defined                               no-undef
  183:70  warning  'Chemistry' is not defined                               no-undef
  183:98  warning  'canvas' is not defined                                  no-undef
  189:10  warning  'display_labels' is defined but never used               no-unused-vars

/home/runner/work/exp-boiling-points-of-pure-species-underusing-ebulliometer-different-pressures-iitb/exp-boiling-points-of-pure-species-underusing-ebulliometer-different-pressures-iitb/experiment/simulation/js/data.js
   1:5  warning  'table_1' is assigned a value but never used          no-unused-vars
   7:5  warning  'main_table_data' is assigned a value but never used  no-unused-vars
  15:5  warning  'table_3' is assigned a value but never used          no-unused-vars
  21:5  warning  'd_set' is assigned a value but never used            no-unused-vars
  22:5  warning  'length_set' is assigned a value but never used       no-unused-vars
  23:5  warning  'metal_set' is assigned a value but never used        no-unused-vars
  24:5  warning  'diameter' is defined but never used                  no-unused-vars
  25:5  warning  'ht_length' is defined but never used                 no-unused-vars
  26:5  warning  'metal' is defined but never used                     no-unused-vars
  27:5  warning  'cs_area' is defined but never used                   no-unused-vars
  28:5  warning  'density' is assigned a value but never used          no-unused-vars
  29:5  warning  'cp' is assigned a value but never used               no-unused-vars
  30:5  warning  'all_compounds' is assigned a value but never used    no-unused-vars

/home/runner/work/exp-boiling-points-of-pure-species-underusing-ebulliometer-different-pressures-iitb/exp-boiling-points-of-pure-species-underusing-ebulliometer-different-pressures-iitb/experiment/simulation/js/dummy.js
  2:14  warning  'Pannel' is not defined  no-undef

/home/runner/work/exp-boiling-points-of-pure-species-underusing-ebulliometer-different-pressures-iitb/exp-boiling-points-of-pure-species-underusing-ebulliometer-different-pressures-iitb/experiment/simulation/js/geomerty.js
   33:49   warning  'lscale' is not defined          no-undef
   34:49   warning  'lscale' is not defined          no-undef
   46:23   warning  'pt1' is defined but never used  no-unused-vars
   46:28   warning  'pt2' is defined but never used  no-unused-vars
   46:33   warning  'pt3' is defined but never used  no-unused-vars
   50:24   warning  'geo' is defined but never used  no-unused-vars
   69:44   warning  'lscale' is not defined          no-undef
   69:66   warning  'lscale' is not defined          no-undef
   69:88   warning  'lscale' is not defined          no-undef
   82:48   warning  'lscale' is not defined          no-undef
   83:48   warning  'lscale' is not defined          no-undef
  108:47   warning  'lscale' is not defined          no-undef
  108:69   warning  'lscale' is not defined          no-undef
  109:60   warning  'lscale' is not defined          no-undef
  109:95   warning  'lscale' is not defined          no-undef
  131:39   warning  'lscale' is not defined          no-undef
  131:57   warning  'lscale' is not defined          no-undef
  132:39   warning  'lscale' is not defined          no-undef
  132:57   warning  'lscale' is not defined          no-undef
  181:39   warning  'lscale' is not defined          no-undef
  181:57   warning  'lscale' is not defined          no-undef
  182:39   warning  'lscale' is not defined          no-undef
  182:57   warning  'lscale' is not defined          no-undef
  225:33   warning  'lscale' is not defined          no-undef
  226:33   warning  'lscale' is not defined          no-undef
  274:50   warning  'lscale' is not defined          no-undef
  274:72   warning  'lscale' is not defined          no-undef
  279:61   warning  'lscale' is not defined          no-undef
  279:84   warning  'lscale' is not defined          no-undef
  279:102  warning  'lscale' is not defined          no-undef
  279:120  warning  'lscale' is not defined          no-undef
  293:33   warning  'lscale' is not defined          no-undef
  294:33   warning  'lscale' is not defined          no-undef
  295:41   warning  'lscale' is not defined          no-undef
  295:64   warning  'lscale' is not defined          no-undef
  295:98   warning  'lscale' is not defined          no-undef
  295:121  warning  'lscale' is not defined          no-undef
  296:45   warning  'lscale' is not defined          no-undef
  296:68   warning  'lscale' is not defined          no-undef
  296:102  warning  'lscale' is not defined          no-undef
  296:125  warning  'lscale' is not defined          no-undef
  323:61   warning  'lscale' is not defined          no-undef
  323:90   warning  'lscale' is not defined          no-undef
  324:61   warning  'lscale' is not defined          no-undef
  324:96   warning  'lscale' is not defined          no-undef
  325:66   warning  'lscale' is not defined          no-undef
  325:101  warning  'lscale' is not defined          no-undef
  326:66   warning  'lscale' is not defined          no-undef
  326:100  warning  'lscale' is not defined          no-undef
  327:67   warning  'lscale' is not defined          no-undef
  327:101  warning  'lscale' is not defined          no-undef
  328:67   warning  'lscale' is not defined          no-undef
  328:96   warning  'lscale' is not defined          no-undef
  329:61   warning  'lscale' is not defined          no-undef
  329:90   warning  'lscale' is not defined          no-undef
  346:33   warning  'lscale' is not defined          no-undef
  347:33   warning  'lscale' is not defined          no-undef
  376:46   warning  'lscale' is not defined          no-undef
  382:50   warning  'lscale' is not defined          no-undef
  382:72   warning  'lscale' is not defined          no-undef
  411:52   warning  'lscale' is not defined          no-undef
  411:79   warning  'lscale' is not defined          no-undef
  413:56   warning  'lscale' is not defined          no-undef
  413:83   warning  'lscale' is not defined          no-undef
  450:50   warning  'lscale' is not defined          no-undef
  450:72   warning  'lscale' is not defined          no-undef
  456:61   warning  'lscale' is not defined          no-undef
  456:84   warning  'lscale' is not defined          no-undef
  456:102  warning  'lscale' is not defined          no-undef
  456:120  warning  'lscale' is not defined          no-undef
  470:33   warning  'lscale' is not defined          no-undef
  471:33   warning  'lscale' is not defined          no-undef
  472:41   warning  'lscale' is not defined          no-undef
  472:64   warning  'lscale' is not defined          no-undef
  472:98   warning  'lscale' is not defined          no-undef
  472:121  warning  'lscale' is not defined          no-undef
  473:45   warning  'lscale' is not defined          no-undef
  473:68   warning  'lscale' is not defined          no-undef
  473:102  warning  'lscale' is not defined          no-undef
  473:125  warning  'lscale' is not defined          no-undef
  502:50   warning  'lscale' is not defined          no-undef
  502:72   warning  'lscale' is not defined          no-undef
  507:139  warning  'lscale' is not defined          no-undef
  507:172  warning  'lscale' is not defined          no-undef
  507:205  warning  'lscale' is not defined          no-undef
  507:225  warning  'lscale' is not defined          no-undef
  528:50   warning  'lscale' is not defined          no-undef
  528:72   warning  'lscale' is not defined          no-undef
  533:139  warning  'lscale' is not defined          no-undef
  533:172  warning  'lscale' is not defined          no-undef
  533:205  warning  'lscale' is not defined          no-undef
  533:225  warning  'lscale' is not defined          no-undef
  555:50   warning  'lscale' is not defined          no-undef
  555:72   warning  'lscale' is not defined          no-undef
  560:133  warning  'lscale' is not defined          no-undef
  560:172  warning  'lscale' is not defined          no-undef
  560:205  warning  'lscale' is not defined          no-undef
  560:224  warning  'lscale' is not defined          no-undef
  584:39   warning  'lscale' is not defined          no-undef
  584:53   warning  'lscale' is not defined          no-undef
  585:39   warning  'lscale' is not defined          no-undef
  585:53   warning  'lscale' is not defined          no-undef
  586:39   warning  'lscale' is not defined          no-undef
  586:53   warning  'lscale' is not defined          no-undef
  587:39   warning  'lscale' is not defined          no-undef
  587:53   warning  'lscale' is not defined          no-undef
  594:36   warning  'lscale' is not defined          no-undef
  594:50   warning  'lscale' is not defined          no-undef
  594:63   warning  'lscale' is not defined          no-undef
  605:36   warning  'lscale' is not defined          no-undef
  605:50   warning  'lscale' is not defined          no-undef
  605:63   warning  'lscale' is not defined          no-undef
  632:46   warning  'lscale' is not defined          no-undef
  637:50   warning  'lscale' is not defined          no-undef
  637:72   warning  'lscale' is not defined          no-undef
  659:50   warning  'lscale' is not defined          no-undef
  659:72   warning  'lscale' is not defined          no-undef
  663:46   warning  'lscale' is not defined          no-undef
  664:46   warning  'lscale' is not defined          no-undef
  664:67   warning  'lscale' is not defined          no-undef
  665:49   warning  'lscale' is not defined          no-undef
  702:50   warning  'lscale' is not defined          no-undef
  702:72   warning  'lscale' is not defined          no-undef
  718:38   warning  'lscale' is not defined          no-undef
  718:51   warning  'lscale' is not defined          no-undef
  720:38   warning  'lscale' is not defined          no-undef
  722:38   warning  'lscale' is not defined          no-undef
  722:52   warning  'lscale' is not defined          no-undef

/home/runner/work/exp-boiling-points-of-pure-species-underusing-ebulliometer-different-pressures-iitb/exp-boiling-points-of-pure-species-underusing-ebulliometer-different-pressures-iitb/experiment/simulation/js/pannel.js
   8:7  warning  'Pannel' is defined but never used  no-unused-vars
  67:7  warning  'Table' is defined but never used   no-unused-vars

/home/runner/work/exp-boiling-points-of-pure-species-underusing-ebulliometer-different-pressures-iitb/exp-boiling-points-of-pure-species-underusing-ebulliometer-different-pressures-iitb/experiment/simulation/js/scene.js
   1:7    warning  'Scene' is defined but never used         no-unused-vars
  11:9    warning  'context' is not defined                  no-undef
  11:33   warning  'canvas' is not defined                   no-undef
  11:47   warning  'canvas' is not defined                   no-undef
  27:5    warning  'context' is not defined                  no-undef
  28:9    warning  'grd' is assigned a value but never used  no-unused-vars
  28:15   warning  'context' is not defined                  no-undef
  28:44   warning  'canvas' is not defined                   no-undef
  28:62   warning  'canvas' is not defined                   no-undef
  28:84   warning  'canvas' is not defined                   no-undef
  28:102  warning  'canvas' is not defined                   no-undef
  28:121  warning  'canvas' is not defined                   no-undef
  36:5    warning  'context' is not defined                  no-undef
  37:5    warning  'context' is not defined                  no-undef
  37:28   warning  'canvas' is not defined                   no-undef
  37:42   warning  'canvas' is not defined                   no-undef
  38:5    warning  'context' is not defined                  no-undef
  39:5    warning  'context' is not defined                  no-undef

 918 problems (0 errors, 918 warnings)

